2025-06-04 10:52:42,890 INFO autoreload Watching for file changes with StatReloader
2025-06-04 10:53:02,130 INFO autoreload /home/sathwik/feedbackmanagementsystem/core/events/serializers.py changed, reloading.
2025-06-04 10:53:02,409 INFO autoreload Watching for file changes with StatReloader
2025-06-04 10:54:14,307 INFO autoreload /home/sathwik/feedbackmanagementsystem/core/events/views.py changed, reloading.
2025-06-04 10:54:14,594 INFO autoreload Watching for file changes with StatReloader
2025-06-04 10:54:16,800 INFO autoreload /home/sathwik/feedbackmanagementsystem/core/events/views.py changed, reloading.
2025-06-04 10:54:17,122 INFO autoreload Watching for file changes with StatReloader
2025-06-04 10:54:27,973 INFO autoreload /home/sathwik/feedbackmanagementsystem/core/events/views.py changed, reloading.
2025-06-04 10:54:28,268 INFO autoreload Watching for file changes with StatReloader
2025-06-04 10:54:30,474 INFO autoreload /home/sathwik/feedbackmanagementsystem/core/events/views.py changed, reloading.
2025-06-04 10:54:30,771 INFO autoreload Watching for file changes with StatReloader
2025-06-04 10:54:56,346 INFO autoreload /home/sathwik/feedbackmanagementsystem/core/events/permission.py changed, reloading.
2025-06-04 10:54:54,438 INFO autoreload Watching for file changes with StatReloader
2025-06-04 10:55:23,442 INFO autoreload /home/sathwik/feedbackmanagementsystem/core/events/permission.py changed, reloading.
2025-06-04 10:55:24,043 INFO autoreload Watching for file changes with StatReloader
2025-06-04 10:55:59,966 INFO autoreload /home/sathwik/feedbackmanagementsystem/core/events/permission.py changed, reloading.
2025-06-04 10:56:00,643 INFO autoreload Watching for file changes with StatReloader
2025-06-04 10:59:24,347 INFO autoreload Watching for file changes with StatReloader
2025-06-04 11:02:13,918 INFO autoreload Watching for file changes with StatReloader
2025-06-04 11:02:54,306 INFO autoreload Watching for file changes with StatReloader
2025-06-04 11:04:54,050 INFO autoreload Watching for file changes with StatReloader
2025-06-04 11:08:33,023 INFO autoreload Watching for file changes with StatReloader
2025-06-04 11:13:06,480 INFO autoreload Watching for file changes with StatReloader
2025-06-04 11:14:23,824 INFO autoreload /home/sathwik/feedbackmanagementsystem/core/events/views.py changed, reloading.
2025-06-04 11:14:24,505 INFO autoreload Watching for file changes with StatReloader
2025-06-04 11:14:28,433 INFO autoreload /home/sathwik/feedbackmanagementsystem/core/events/views.py changed, reloading.
2025-06-04 11:14:28,737 INFO autoreload Watching for file changes with StatReloader
2025-06-04 11:16:34,276 INFO autoreload /home/sathwik/feedbackmanagementsystem/core/events/views.py changed, reloading.
2025-06-04 11:16:35,091 INFO autoreload Watching for file changes with StatReloader
2025-06-04 11:16:55,559 INFO autoreload Watching for file changes with StatReloader
2025-06-04 11:20:05,176 ERROR log Internal Server Error: /events/create-events/
Traceback (most recent call last):
  File "/home/sathwik/feedbackmanagementsystem/.venv/lib/python3.12/site-packages/django/core/handlers/exception.py", line 55, in inner
    response = get_response(request)
               ^^^^^^^^^^^^^^^^^^^^^
  File "/home/sathwik/feedbackmanagementsystem/.venv/lib/python3.12/site-packages/django/core/handlers/base.py", line 197, in _get_response
    response = wrapped_callback(request, *callback_args, **callback_kwargs)
               ^^^^^^^^^^^^^^^^^^^^^^^^^^^^^^^^^^^^^^^^^^^^^^^^^^^^^^^^^^^^
  File "/home/sathwik/feedbackmanagementsystem/.venv/lib/python3.12/site-packages/django/views/decorators/csrf.py", line 65, in _view_wrapper
    return view_func(request, *args, **kwargs)
           ^^^^^^^^^^^^^^^^^^^^^^^^^^^^^^^^^^^
  File "/home/sathwik/feedbackmanagementsystem/.venv/lib/python3.12/site-packages/django/views/generic/base.py", line 104, in view
    return self.dispatch(request, *args, **kwargs)
           ^^^^^^^^^^^^^^^^^^^^^^^^^^^^^^^^^^^^^^^
  File "/home/sathwik/feedbackmanagementsystem/.venv/lib/python3.12/site-packages/rest_framework/views.py", line 515, in dispatch
    response = self.handle_exception(exc)
               ^^^^^^^^^^^^^^^^^^^^^^^^^^
  File "/home/sathwik/feedbackmanagementsystem/.venv/lib/python3.12/site-packages/rest_framework/views.py", line 475, in handle_exception
    self.raise_uncaught_exception(exc)
  File "/home/sathwik/feedbackmanagementsystem/.venv/lib/python3.12/site-packages/rest_framework/views.py", line 486, in raise_uncaught_exception
    raise exc
  File "/home/sathwik/feedbackmanagementsystem/.venv/lib/python3.12/site-packages/rest_framework/views.py", line 512, in dispatch
    response = handler(request, *args, **kwargs)
               ^^^^^^^^^^^^^^^^^^^^^^^^^^^^^^^^^
  File "/home/sathwik/feedbackmanagementsystem/core/events/views.py", line 104, in post
    serializer.save()
  File "/home/sathwik/feedbackmanagementsystem/.venv/lib/python3.12/site-packages/rest_framework/serializers.py", line 210, in save
    self.instance = self.create(validated_data)
                    ^^^^^^^^^^^^^^^^^^^^^^^^^^^
  File "/home/sathwik/feedbackmanagementsystem/core/events/serializers.py", line 39, in create
    user = self.context['request'].user
           ~~~~~~~~~~~~^^^^^^^^^^^
KeyError: 'request'
2025-06-04 11:22:09,558 INFO autoreload /home/sathwik/feedbackmanagementsystem/core/events/views.py changed, reloading.
2025-06-04 11:22:10,319 INFO autoreload Watching for file changes with StatReloader
2025-06-04 11:22:17,237 INFO autoreload Watching for file changes with StatReloader
